[Thu May 07 21:38:21 2026] admin: Logged in
[Thu May 07 21:46:11 2026] admin: Logged in
[Thu May 07 21:46:38 2026] admin: Created document: new.txt
[Thu May 07 22:20:35 2026] SYSTEM -> Registered new user: hadia
[Thu May 07 22:20:47 2026] hadia -> Logged in
[Mon May 18 18:50:10 2026] adminqar -> Logged in
[Mon May 18 18:51:20 2026] adminqar -> Created test.txt
[Mon May 18 19:09:45 2026] adminqar -> Logged in
[Mon May 18 21:41:30 2026] hadia -> Logged in
[Mon May 18 21:42:16 2026] hadia -> Ran integrity check
[Mon May 18 21:42:44 2026] hadia -> Ran integrity check
[Mon May 18 21:43:26 2026] SYSTEM -> Recovered password for: hadia
[Mon May 18 21:44:14 2026] adminqar -> Logged in
[Tue May 19 13:39:29 2026] SYSTEM -> Registered new user: ali
[Tue May 19 13:39:41 2026] ali -> Logged in
[Tue May 19 13:41:00 2026] ali -> Created name.txt
[Tue May 19 13:41:30 2026] ali -> Created hello.txt
[Tue May 19 13:41:50 2026] ali -> Appended hello.txt
[Tue May 19 13:42:18 2026] ali -> Appended hello.txt
[Tue May 19 13:49:56 2026] SYSTEM -> Registered new user: 3
[Sat May 30 14:18:04 2026] SYSTEM -> Registered new user: Hadia
[Sat May 30 14:18:21 2026] Hadia -> Logged in
[Sat May 30 14:19:53 2026] adminqar -> Logged in
